TN:
SF:C:\Users\Miguel\PhpstormProjects\santacc-web\src\helpers.js
FN:1,(anonymous_0)
FN:6,(anonymous_1)
FNF:2
FNH:2
FNDA:2,(anonymous_0)
FNDA:2,(anonymous_1)
DA:1,3
DA:2,2
DA:3,2
DA:6,3
LF:4
LH:4
BRDA:3,0,0,2
BRDA:3,0,1,1
BRF:2
BRH:2
end_of_record
TN:
SF:C:\Users\Miguel\PhpstormProjects\santacc-web\src\html.js
FN:21,(anonymous_0)
FN:31,(anonymous_1)
FN:33,(anonymous_2)
FN:35,(anonymous_3)
FNF:4
FNH:0
FNDA:0,(anonymous_0)
FNDA:0,(anonymous_1)
FNDA:0,(anonymous_2)
FNDA:0,(anonymous_3)
DA:14,1
DA:22,0
DA:23,0
DA:24,0
DA:25,0
DA:27,0
DA:32,0
DA:33,0
DA:37,0
DA:38,0
DA:45,0
LF:11
LH:1
BRDA:23,0,0,0
BRDA:23,0,1,0
BRDA:37,1,0,0
BRDA:37,1,1,0
BRF:4
BRH:0
end_of_record
TN:
SF:C:\Users\Miguel\PhpstormProjects\santacc-web\src\components\boton-arriba\boton-arriba.js
FN:27,(anonymous_0)
FNF:1
FNH:0
FNDA:0,(anonymous_0)
DA:10,2
DA:27,2
LF:2
LH:2
BRF:0
BRH:0
end_of_record
TN:
SF:C:\Users\Miguel\PhpstormProjects\santacc-web\src\components\boton-arriba\index.js
FNF:0
FNH:0
LF:0
LH:0
BRF:0
BRH:0
end_of_record
TN:
SF:C:\Users\Miguel\PhpstormProjects\santacc-web\src\components\cerrar-boton\cerrar-boton.js
FN:25,(anonymous_0)
FNF:1
FNH:0
FNDA:0,(anonymous_0)
DA:9,2
DA:25,2
LF:2
LH:2
BRF:0
BRH:0
end_of_record
TN:
SF:C:\Users\Miguel\PhpstormProjects\santacc-web\src\components\cerrar-boton\index.js
FNF:0
FNH:0
LF:0
LH:0
BRF:0
BRH:0
end_of_record
TN:
SF:C:\Users\Miguel\PhpstormProjects\santacc-web\src\components\mas-boton\index.js
FNF:0
FNH:0
LF:0
LH:0
BRF:0
BRH:0
end_of_record
TN:
SF:C:\Users\Miguel\PhpstormProjects\santacc-web\src\components\mas-boton\mas-boton.js
FN:33,(anonymous_0)
FNF:1
FNH:0
FNDA:0,(anonymous_0)
DA:10,2
DA:33,2
DA:35,2
LF:3
LH:3
BRF:0
BRH:0
end_of_record
TN:
SF:C:\Users\Miguel\PhpstormProjects\santacc-web\src\components\material\index.js
FNF:0
FNH:0
LF:0
LH:0
BRF:0
BRH:0
end_of_record
TN:
SF:C:\Users\Miguel\PhpstormProjects\santacc-web\src\components\material\material.js
FN:85,(anonymous_0)
FNF:1
FNH:0
FNDA:0,(anonymous_0)
DA:10,2
DA:85,2
DA:87,0
DA:88,0
DA:89,0
DA:90,0
DA:92,0
DA:93,0
DA:95,0
DA:99,0
DA:101,0
DA:114,2
LF:12
LH:3
BRDA:88,0,0,0
BRDA:88,0,1,0
BRDA:89,1,0,0
BRDA:89,1,1,0
BRDA:92,2,0,0
BRDA:92,2,1,0
BRDA:106,3,0,0
BRDA:106,3,1,0
BRDA:107,4,0,0
BRDA:107,4,1,0
BRDA:108,5,0,0
BRDA:108,5,1,0
BRF:12
BRH:0
end_of_record
TN:
SF:C:\Users\Miguel\PhpstormProjects\santacc-web\src\components\material-flechas\index.js
FNF:0
FNH:0
LF:0
LH:0
BRF:0
BRH:0
end_of_record
TN:
SF:C:\Users\Miguel\PhpstormProjects\santacc-web\src\components\material-flechas\material-flechas.js
FN:57,(anonymous_0)
FN:63,(anonymous_1)
FN:63,(anonymous_2)
FN:63,(anonymous_3)
FN:64,(anonymous_4)
FN:68,(anonymous_5)
FN:73,(anonymous_6)
FNF:7
FNH:7
FNDA:2,(anonymous_0)
FNDA:7,(anonymous_1)
FNDA:3,(anonymous_2)
FNDA:3,(anonymous_3)
FNDA:5,(anonymous_4)
FNDA:5,(anonymous_5)
FNDA:5,(anonymous_6)
DA:10,2
DA:58,2
DA:59,2
DA:63,7
DA:65,5
DA:66,5
DA:69,5
DA:70,4
DA:74,5
DA:75,3
LF:10
LH:10
BRDA:69,0,0,4
BRDA:69,0,1,1
BRDA:74,1,0,3
BRDA:74,1,1,2
BRF:4
BRH:4
end_of_record
TN:
SF:C:\Users\Miguel\PhpstormProjects\santacc-web\src\components\nice-work\index.js
FNF:0
FNH:0
LF:0
LH:0
BRF:0
BRH:0
end_of_record
TN:
SF:C:\Users\Miguel\PhpstormProjects\santacc-web\src\components\nice-work\nice-work.js
FN:37,(anonymous_0)
FNF:1
FNH:0
FNDA:0,(anonymous_0)
DA:6,4
DA:37,4
LF:2
LH:2
BRF:0
BRH:0
end_of_record
TN:
SF:C:\Users\Miguel\PhpstormProjects\santacc-web\src\components\popup-imagen\index.js
FNF:0
FNH:0
LF:0
LH:0
BRF:0
BRH:0
end_of_record
TN:
SF:C:\Users\Miguel\PhpstormProjects\santacc-web\src\components\popup-imagen\popup-imagen.js
FN:75,(anonymous_0)
FNF:1
FNH:0
FNDA:0,(anonymous_0)
DA:11,2
DA:75,2
DA:76,0
DA:87,2
LF:4
LH:3
BRF:0
BRH:0
end_of_record
TN:
SF:C:\Users\Miguel\PhpstormProjects\santacc-web\src\components\santacc-google-map\index.js
FNF:0
FNH:0
LF:0
LH:0
BRF:0
BRH:0
end_of_record
TN:
SF:C:\Users\Miguel\PhpstormProjects\santacc-web\src\components\santacc-google-map\santacc-google-map.js
FN:13,(anonymous_0)
FNF:1
FNH:0
FNDA:0,(anonymous_0)
DA:13,2
DA:14,0
DA:24,2
LF:3
LH:2
BRF:0
BRH:0
end_of_record
TN:
SF:C:\Users\Miguel\PhpstormProjects\santacc-web\src\components\trabajo\index.js
FNF:0
FNH:0
LF:0
LH:0
BRF:0
BRH:0
end_of_record
TN:
SF:C:\Users\Miguel\PhpstormProjects\santacc-web\src\components\trabajo\trabajo.js
FN:131,(anonymous_0)
FN:136,(anonymous_1)
FNF:2
FNH:0
FNDA:0,(anonymous_0)
FNDA:0,(anonymous_1)
DA:10,2
DA:131,2
DA:132,0
DA:133,0
DA:134,0
DA:135,0
DA:136,0
DA:138,0
DA:154,2
LF:9
LH:3
BRDA:135,0,0,0
BRDA:135,0,1,0
BRDA:136,1,0,0
BRDA:136,1,1,0
BRDA:146,2,0,0
BRDA:146,2,1,0
BRF:6
BRH:0
end_of_record
TN:
SF:C:\Users\Miguel\PhpstormProjects\santacc-web\src\layouts\index.js
FN:89,(anonymous_0)
FN:125,(anonymous_1)
FN:155,(anonymous_2)
FNF:3
FNH:0
FNDA:0,(anonymous_0)
FNDA:0,(anonymous_1)
FNDA:0,(anonymous_2)
DA:14,2
DA:23,2
DA:89,2
DA:90,0
DA:102,2
DA:125,2
DA:126,0
DA:131,2
DA:137,2
DA:155,2
DA:156,0
DA:166,2
LF:12
LH:9
BRF:0
BRH:0
end_of_record
TN:
SF:C:\Users\Miguel\PhpstormProjects\santacc-web\src\pages\404\404.js
FN:3,(anonymous_0)
FNF:1
FNH:0
FNDA:0,(anonymous_0)
DA:3,1
DA:4,0
LF:2
LH:1
BRF:0
BRH:0
end_of_record
TN:
SF:C:\Users\Miguel\PhpstormProjects\santacc-web\src\pages\404\index.js
FNF:0
FNH:0
LF:0
LH:0
BRF:0
BRH:0
end_of_record
TN:
SF:C:\Users\Miguel\PhpstormProjects\santacc-web\src\pages\aviso-legal\aviso-legal.js
FN:11,(anonymous_0)
FNF:1
FNH:0
FNDA:0,(anonymous_0)
DA:6,1
DA:11,1
DA:12,0
LF:3
LH:2
BRF:0
BRH:0
end_of_record
TN:
SF:C:\Users\Miguel\PhpstormProjects\santacc-web\src\pages\aviso-legal\index.js
FNF:0
FNH:0
LF:0
LH:0
BRF:0
BRH:0
end_of_record
TN:
SF:C:\Users\Miguel\PhpstormProjects\santacc-web\src\pages\contacto\contacto.js
FN:64,(anonymous_0)
FNF:1
FNH:0
FNDA:0,(anonymous_0)
DA:9,1
DA:64,1
DA:65,0
LF:3
LH:2
BRF:0
BRH:0
end_of_record
TN:
SF:C:\Users\Miguel\PhpstormProjects\santacc-web\src\pages\contacto\index.js
FNF:0
FNH:0
LF:0
LH:0
BRF:0
BRH:0
end_of_record
TN:
SF:C:\Users\Miguel\PhpstormProjects\santacc-web\src\pages\la-agencia\index.js
FNF:0
FNH:0
LF:0
LH:0
BRF:0
BRH:0
end_of_record
TN:
SF:C:\Users\Miguel\PhpstormProjects\santacc-web\src\pages\la-agencia\la-agencia.js
FN:16,(anonymous_0)
FNF:1
FNH:0
FNDA:0,(anonymous_0)
DA:9,1
DA:16,1
DA:17,0
LF:3
LH:2
BRF:0
BRH:0
end_of_record
TN:
SF:C:\Users\Miguel\PhpstormProjects\santacc-web\src\templates\campana\campana.js
FN:62,(anonymous_0)
FN:71,(anonymous_1)
FN:73,(anonymous_2)
FN:76,(anonymous_3)
FN:76,(anonymous_4)
FN:77,(anonymous_5)
FN:84,(anonymous_6)
FN:84,(anonymous_7)
FNF:8
FNH:0
FNDA:0,(anonymous_0)
FNDA:0,(anonymous_1)
FNDA:0,(anonymous_2)
FNDA:0,(anonymous_3)
FNDA:0,(anonymous_4)
FNDA:0,(anonymous_5)
FNDA:0,(anonymous_6)
FNDA:0,(anonymous_7)
DA:13,1
DA:63,0
DA:64,0
DA:68,0
DA:69,0
DA:70,0
DA:71,0
DA:74,0
DA:76,0
DA:78,0
DA:84,0
DA:95,1
LF:12
LH:2
BRDA:87,0,0,0
BRDA:87,0,1,0
BRF:2
BRH:0
end_of_record
TN:
SF:C:\Users\Miguel\PhpstormProjects\santacc-web\src\templates\campana\index.js
FNF:0
FNH:0
LF:0
LH:0
BRF:0
BRH:0
end_of_record
TN:
SF:C:\Users\Miguel\PhpstormProjects\santacc-web\src\templates\trabajos\index.js
FNF:0
FNH:0
LF:0
LH:0
BRF:0
BRH:0
end_of_record
TN:
SF:C:\Users\Miguel\PhpstormProjects\santacc-web\src\templates\trabajos\trabajos.js
FN:37,(anonymous_0)
FN:43,(anonymous_1)
FN:46,(anonymous_2)
FN:49,(anonymous_3)
FN:53,(anonymous_4)
FNF:5
FNH:0
FNDA:0,(anonymous_0)
FNDA:0,(anonymous_1)
FNDA:0,(anonymous_2)
FNDA:0,(anonymous_3)
FNDA:0,(anonymous_4)
DA:16,1
DA:38,0
DA:39,0
DA:44,0
DA:47,0
DA:48,0
DA:49,0
DA:50,0
DA:53,0
DA:65,1
LF:10
LH:2
BRDA:49,0,0,0
BRDA:49,0,1,0
BRDA:56,1,0,0
BRDA:56,1,1,0
BRF:4
BRH:0
end_of_record
